<?xml version="1.0" encoding="UTF-8"?>
<testng-results ignored="0" total="1" passed="1" failed="0" skipped="0">
  <reporter-output>
  </reporter-output>
  <suite started-at="2021-07-14T12:12:27 AST" name="Surefire suite" finished-at="2021-07-14T12:12:27 AST" duration-ms="66">
    <groups>
    </groups>
    <test started-at="2021-07-14T12:12:27 AST" name="Surefire test" finished-at="2021-07-14T12:12:27 AST" duration-ms="66">
      <class name="MavenTest.Test.AppTest">
        <test-method signature="shouldAnswerWithTrue()" started-at="2021-07-14T12:12:27 AST" name="shouldAnswerWithTrue" finished-at="2021-07-14T12:12:27 AST" duration-ms="7" status="PASS">
          <reporter-output>
          </reporter-output>
        </test-method> <!-- shouldAnswerWithTrue -->
      </class> <!-- MavenTest.Test.AppTest -->
    </test> <!-- Surefire test -->
  </suite> <!-- Surefire suite -->
</testng-results>
